***Starting server on port 60383 ***
Loading net-file from 'test.net.xml'... done (58ms).
Loading additional-files from 'map.poly.xml'... done (26ms).
Loading additional-files from 'additional.add.vtype.xml'... done (4ms).
Loading done.
Simulation started with time: 0.00
Simulation ended at time: 784.70
Reason: TraCI requested termination.
Performance: 
 Duration: 8696545ms
 Real time factor: 0.0902312
 UPS: 61.776832
Vehicles: 
 Inserted: 532 (Loaded: 551)
 Running: 77
 Waiting: 6
Teleports: 0 (Collisions: 1)
Persons: 
 Inserted: 120
 Running: 13

DijkstraRouter answered 383 queries and explored 7.16 edges on average.
DijkstraRouter spent 2ms answering queries (0.01ms on average).
DijkstraRouter answered 94 queries and explored 351.20 edges on average.
DijkstraRouter spent 13ms answering queries (0.14ms on average).
DijkstraRouter answered 546 queries and explored 42.03 edges on average.
DijkstraRouter spent 10ms answering queries (0.02ms on average).
